{"C:\\Users\\liamr\\Documents\\DF-Challenges\\news-summary-challenge\\src\\utils\\newsDataService.js": {"path":"C:\\Users\\liamr\\Documents\\DF-Challenges\\news-summary-challenge\\src\\utils\\newsDataService.js","all":false,"statementMap":{"0":{"start":{"line":1,"column":0},"end":{"line":1,"column":26}},"1":{"start":{"line":2,"column":0},"end":{"line":2,"column":0}},"2":{"start":{"line":3,"column":0},"end":{"line":3,"column":40}},"3":{"start":{"line":4,"column":0},"end":{"line":4,"column":9}},"4":{"start":{"line":5,"column":0},"end":{"line":5,"column":82}},"5":{"start":{"line":6,"column":0},"end":{"line":6,"column":46}},"6":{"start":{"line":7,"column":0},"end":{"line":7,"column":5}},"7":{"start":{"line":8,"column":0},"end":{"line":8,"column":19}},"8":{"start":{"line":9,"column":0},"end":{"line":9,"column":21}},"9":{"start":{"line":10,"column":0},"end":{"line":10,"column":5}},"10":{"start":{"line":11,"column":0},"end":{"line":11,"column":1}}},"s":{"0":1,"1":1,"2":1,"3":3,"4":3,"5":2,"6":2,"7":2,"8":2,"9":2,"10":3},"branchMap":{"0":{"type":"branch","line":3,"loc":{"start":{"line":3,"column":27},"end":{"line":11,"column":1}},"locations":[{"start":{"line":3,"column":27},"end":{"line":11,"column":1}}]},"1":{"type":"branch","line":6,"loc":{"start":{"line":6,"column":-2},"end":{"line":10,"column":5}},"locations":[{"start":{"line":6,"column":-2},"end":{"line":10,"column":5}}]}},"b":{"0":[3],"1":[2]},"fnMap":{"0":{"name":"getNewsData","decl":{"start":{"line":3,"column":27},"end":{"line":11,"column":1}},"loc":{"start":{"line":3,"column":27},"end":{"line":11,"column":1}},"line":3}},"f":{"0":3}}
}
